Build started 3/5/2015 4:43:15 PM.
     1>Project "C:\DynamicOptimization\walk05\walk\simulate.vcxproj" on node 2 (build target(s)).
     1>InitializeBuildStatus:
         Touching "obj/DebugDLL\simulate.unsuccessfulbuild".
       ClCompile:
         c:\Program Files (x86)\Microsoft Visual Studio 10.0\VC\bin\CL.exe /c /ZI /nologo /W3 /WX- /Od /Oy- /D _CRT_SECURE_NO_DEPRECATE /D WIN32 /D _MBCS /Gm /EHsc /RTC1 /MDd /GS /Gy /fp:precise /Zc:wchar_t /Zc:forScope /Fo"obj/DebugDLL\\" /Fd"obj/DebugDLL\vc100.pdb" /Gd /TC /analyze- /errorReport:prompt cmaes_optimizer.c controller.c
         controller.c
     1>c:\dynamicoptimization\walk05\walk\controller.c(141): warning C4101: 'total_score' : unreferenced local variable
     1>c:\dynamicoptimization\walk05\walk\controller.c(238): warning C4101: 'i' : unreferenced local variable
     1>c:\dynamicoptimization\walk05\walk\controller.c(239): warning C4101: 'min' : unreferenced local variable
     1>c:\dynamicoptimization\walk05\walk\controller.c(812): warning C4101: 'i' : unreferenced local variable
         cmaes_optimizer.c
     1>c:\dynamicoptimization\walk05\walk\cmaes_optimizer.c(33): error C2059: syntax error : ','
     1>c:\dynamicoptimization\walk05\walk\cmaes_optimizer.c(35): warning C4013: 'parameters_to_vector' undefined; assuming extern returning int
     1>c:\dynamicoptimization\walk05\walk\cmaes_optimizer.c(35): error C2143: syntax error : missing ')' before 'type'
     1>c:\dynamicoptimization\walk05\walk\cmaes_optimizer.c(35): error C2059: syntax error : ')'
     1>c:\dynamicoptimization\walk05\walk\cmaes_optimizer.c(36): warning C4244: 'return' : conversion from 'const double' to 'float', possible loss of data
     1>c:\dynamicoptimization\walk05\walk\cmaes_optimizer.c(41): error C2143: syntax error : missing ')' before 'type'
     1>c:\dynamicoptimization\walk05\walk\cmaes_optimizer.c(41): error C2198: 'get_score' : too few arguments for call
     1>c:\dynamicoptimization\walk05\walk\cmaes_optimizer.c(41): error C2059: syntax error : ')'
         Generating Code...
     1>c:\dynamicoptimization\walk05\walk\controller.c(275): warning C4716: 'reinit_sim' : must return a value
     1>c:\dynamicoptimization\walk05\walk\controller.c(286): warning C4716: 'init_sim' : must return a value
     1>Done Building Project "C:\DynamicOptimization\walk05\walk\simulate.vcxproj" (build target(s)) -- FAILED.

Build FAILED.

Time Elapsed 00:00:00.16
